2016-05-17 12:55:44  INFO ContestServiceRunnable:56 - lllwwwbbbvslllyyymmm-contest-0 begin!
2016-05-17 12:55:44  INFO ContestServiceRunnable:66 - lllwwwbbbvslllyyymmm-contest-0 round 0 start
2016-05-17 12:56:02  INFO ContestServiceRunnable:336 - lllwwwbbbvslllyyymmm-contest-0 round 0 end
2016-05-17 12:56:02  INFO ContestServiceRunnable:66 - lllwwwbbbvslllyyymmm-contest-0 round 1 start
2016-05-17 12:56:37 ERROR ContestServiceRunnable:291 - java.net.SocketException: Connection reset by peer: socket write error
2016-05-17 12:56:37 ERROR ContestServiceRunnable:334 - java.net.SocketException: Connection reset by peer: socket write error
2016-05-17 12:56:37  INFO ContestServiceRunnable:336 - lllwwwbbbvslllyyymmm-contest-0 round 1 end
2016-05-17 12:56:37 ERROR ContestServiceRunnable:357 - java.net.SocketException: Connection reset by peer: socket write error
2016-05-17 12:56:37  INFO ContestServiceRunnable:360 - lllwwwbbbvslllyyymmm-contest-0 game over
2016-05-17 12:56:37  INFO ContestServiceRunnable:367 - lllwwwbbbvslllyyymmm-contest-0 result save completed!
2016-05-17 12:56:37  INFO ContestServiceRunnable:372 - lllwwwbbbvslllyyymmm-contest-0 record save completed!
2016-05-17 12:57:22  INFO ContestServiceRunnable:56 - lllyyymmmvslllwwwbbb-contest-0 begin!
2016-05-17 12:57:22  INFO ContestServiceRunnable:66 - lllyyymmmvslllwwwbbb-contest-0 round 0 start
2016-05-17 12:57:35  INFO ContestServiceRunnable:336 - lllyyymmmvslllwwwbbb-contest-0 round 0 end
2016-05-17 12:57:35  INFO ContestServiceRunnable:66 - lllyyymmmvslllwwwbbb-contest-0 round 1 start
2016-05-17 12:58:32  INFO ContestServiceRunnable:336 - lllyyymmmvslllwwwbbb-contest-0 round 1 end
2016-05-17 12:58:32  INFO ContestServiceRunnable:66 - lllyyymmmvslllwwwbbb-contest-0 round 2 start
2016-05-17 12:59:25  INFO ContestServiceRunnable:336 - lllyyymmmvslllwwwbbb-contest-0 round 2 end
2016-05-17 12:59:25  INFO ContestServiceRunnable:360 - lllyyymmmvslllwwwbbb-contest-0 game over
2016-05-17 12:59:25  INFO ContestServiceRunnable:367 - lllyyymmmvslllwwwbbb-contest-0 result save completed!
2016-05-17 12:59:25  INFO ContestServiceRunnable:372 - lllyyymmmvslllwwwbbb-contest-0 record save completed!
