2016-05-11 00:00:11  INFO CreatServiceRunnable:353 - Accepted 123456789
2016-05-11 00:00:11  INFO CreatServiceRunnable:367 - Welcome 123456789
2016-05-11 00:00:51  INFO CreatServiceRunnable:353 - Accepted 123456789
2016-05-11 00:00:51  INFO CreatServiceRunnable:367 - Welcome 123456789
2016-05-11 00:01:06  INFO CreatServiceRunnable:353 - Accepted 123456789
2016-05-11 00:01:06  INFO CreatServiceRunnable:367 - Welcome 123456789
2016-05-11 00:01:39  INFO CreatServiceRunnable:353 - Accepted 123456789
2016-05-11 00:01:39  INFO CreatServiceRunnable:367 - Welcome 123456789
2016-05-11 00:03:58  INFO CreatServiceRunnable:353 - Accepted 123456789
2016-05-11 00:03:58  INFO CreatServiceRunnable:367 - Welcome 123456789
2016-05-11 00:04:21  INFO CreatServiceRunnable:353 - Accepted 123456789
2016-05-11 00:04:21  INFO CreatServiceRunnable:367 - Welcome 123456789
2016-05-11 00:04:45  INFO CreatServiceRunnable:353 - Accepted 123456789
2016-05-11 00:04:45  INFO CreatServiceRunnable:367 - Welcome 123456789
2016-05-11 00:05:19  INFO CreatServiceRunnable:353 - Accepted 123456789
2016-05-11 00:05:19  INFO CreatServiceRunnable:367 - Welcome 123456789
2016-05-11 00:05:46  INFO CreatServiceRunnable:353 - Accepted 123456789
2016-05-11 00:05:46  INFO CreatServiceRunnable:367 - Welcome 123456789
2016-05-11 00:06:10  INFO CreatServiceRunnable:353 - Accepted 123456789
2016-05-11 00:06:10  INFO CreatServiceRunnable:367 - Welcome 123456789
2016-05-11 00:07:32  INFO CreatServiceRunnable:353 - Accepted 123456789
2016-05-11 00:07:32  INFO CreatServiceRunnable:367 - Welcome 123456789
2016-05-11 00:09:47  INFO CreatServiceRunnable:353 - Accepted 123456789
2016-05-11 00:09:47  INFO CreatServiceRunnable:367 - Welcome 123456789
2016-05-11 00:10:36  INFO CreatServiceRunnable:353 - Accepted 123456789
2016-05-11 00:10:36  INFO CreatServiceRunnable:367 - Welcome 123456789
2016-05-11 00:11:48  INFO CreatServiceRunnable:353 - Accepted 123456789
2016-05-11 00:11:48  INFO CreatServiceRunnable:367 - Welcome 123456789
2016-05-11 00:14:05  INFO CreatServiceRunnable:353 - Accepted 123456789
2016-05-11 00:14:05  INFO CreatServiceRunnable:367 - Welcome 123456789
2016-05-11 00:23:39  INFO CreatServiceRunnable:353 - Accepted 123456789
2016-05-11 00:23:39  INFO CreatServiceRunnable:367 - Welcome 123456789
2016-05-11 00:24:32  INFO CreatServiceRunnable:353 - Accepted 123456789
2016-05-11 00:24:32  INFO CreatServiceRunnable:367 - Welcome 123456789
2016-05-11 00:34:25  INFO CreatServiceRunnable:353 - Accepted 123456789
2016-05-11 00:34:25  INFO CreatServiceRunnable:367 - Welcome 123456789
2016-05-11 00:35:21  INFO CreatServiceRunnable:353 - Accepted 123456789
2016-05-11 00:35:21  INFO CreatServiceRunnable:367 - Welcome 123456789
2016-05-11 00:35:22  INFO CreatServiceRunnable:353 - Accepted 123456789
2016-05-11 00:35:22  INFO CreatServiceRunnable:367 - Welcome 123456789
2016-05-11 00:35:43  INFO CreatServiceRunnable:353 - Accepted 123456789
2016-05-11 00:35:43  INFO CreatServiceRunnable:367 - Welcome 123456789
2016-05-11 00:38:44  INFO CreatServiceRunnable:353 - Accepted 123456789
2016-05-11 00:38:44  INFO CreatServiceRunnable:367 - Welcome 123456789
2016-05-11 00:39:47  INFO CreatServiceRunnable:353 - Accepted 123456789
2016-05-11 00:39:47  INFO CreatServiceRunnable:367 - Welcome 123456789
2016-05-11 12:30:05  INFO CreatServiceRunnable:86 - CreatServiceRunnable initialization complete!
2016-05-11 12:30:05  INFO CreatServiceRunnable:98 - CreatServiceRunnable is running...
2016-05-11 12:30:05  INFO CreatServiceRunnable:292 - Start test mode!
2016-05-11 12:30:54  INFO CreatServiceRunnable:353 - Accepted 123456789
2016-05-11 12:30:54  INFO CreatServiceRunnable:367 - Welcome 123456789
2016-05-11 12:31:53  INFO CreatServiceRunnable:353 - Accepted 123456789
2016-05-11 12:31:53  INFO CreatServiceRunnable:367 - Welcome 123456789
2016-05-11 12:31:55  INFO CreatServiceRunnable:353 - Accepted 123456789
2016-05-11 12:31:55  INFO CreatServiceRunnable:367 - Welcome 123456789
2016-05-11 12:33:30  INFO CreatServiceRunnable:353 - Accepted 123456789
2016-05-11 12:33:30  INFO CreatServiceRunnable:367 - Welcome 123456789
