2016-05-16 09:37:11  INFO ServerProperties:40 - Read server.properties complete! The properties as follows: 
2016-05-16 09:37:11  INFO ServerProperties:42 - ui.result.list.width=33
2016-05-16 09:37:11  INFO ServerProperties:42 - ui.width=620
2016-05-16 09:37:11  INFO ServerProperties:42 - filter.out=0
2016-05-16 09:37:11  INFO ServerProperties:42 - step.error.number=3
2016-05-16 09:37:11  INFO ServerProperties:42 - server.port=10086
2016-05-16 09:37:11  INFO ServerProperties:42 - chess.board.cols=4
2016-05-16 09:37:11  INFO ServerProperties:42 - robot.model=1
2016-05-16 09:37:11  INFO ServerProperties:42 - ui.height=710
2016-05-16 09:37:11  INFO ServerProperties:42 - round.steps=50
2016-05-16 09:37:11  INFO ServerProperties:42 - server.mode=0
2016-05-16 09:37:11  INFO ServerProperties:42 - contest.rounds=3
2016-05-16 09:37:11  INFO ServerProperties:42 - chess.board.rows=4
2016-05-16 09:37:11  INFO ServerProperties:42 - step.timeout=10000
2016-05-16 09:37:11  INFO Main:27 - Startup the main ui
2016-05-16 09:37:11  INFO Players:66 - Load list file: players-1.list
2016-05-16 09:37:11  INFO Players:72 - The players authoried in this round as follow:
2016-05-16 09:37:11  INFO Players:80 - lllyyymmm
2016-05-16 09:37:11  INFO Players:80 - lllwwwbbb
2016-05-16 09:37:11  INFO Players:84 - Total players: 2
2016-05-16 09:37:11  INFO ClientConnectMonitor:60 - Creat server socket success!
2016-05-16 09:37:11  INFO ClientConnectMonitor:62 - Server address is: 172.26.4.173:10086
2016-05-16 09:37:11  INFO ClientConnectMonitor:64 - ClientConnectMonitor initialization complete!
2016-05-16 09:37:11  INFO ClientConnectMonitor:74 - Start monitor...
2016-05-16 09:37:11  INFO ClientConnectMonitor:82 - Waitting clients to access...
2016-05-16 09:37:14  INFO ClientConnectMonitor:100 - Accepted one accession: 172.26.4.173:12119
2016-05-16 09:37:14  INFO ClientConnectMonitor:82 - Waitting clients to access...
2016-05-16 09:37:38  INFO ClientConnectMonitor:100 - Accepted one accession: 172.26.4.173:12122
2016-05-16 09:37:38  INFO ClientConnectMonitor:82 - Waitting clients to access...
2016-05-16 09:38:11  INFO ServerProperties:40 - Read server.properties complete! The properties as follows: 
2016-05-16 09:38:11  INFO ServerProperties:42 - ui.result.list.width=33
2016-05-16 09:38:11  INFO ServerProperties:42 - ui.width=620
2016-05-16 09:38:11  INFO ServerProperties:42 - filter.out=0
2016-05-16 09:38:11  INFO ServerProperties:42 - step.error.number=3
2016-05-16 09:38:11  INFO ServerProperties:42 - server.port=10086
2016-05-16 09:38:11  INFO ServerProperties:42 - chess.board.cols=4
2016-05-16 09:38:11  INFO ServerProperties:42 - robot.model=1
2016-05-16 09:38:11  INFO ServerProperties:42 - ui.height=710
2016-05-16 09:38:11  INFO ServerProperties:42 - round.steps=50
2016-05-16 09:38:11  INFO ServerProperties:42 - server.mode=1
2016-05-16 09:38:11  INFO ServerProperties:42 - contest.rounds=3
2016-05-16 09:38:11  INFO ServerProperties:42 - chess.board.rows=4
2016-05-16 09:38:11  INFO ServerProperties:42 - step.timeout=10000
2016-05-16 09:38:11  INFO Main:27 - Startup the main ui
2016-05-16 09:38:11  INFO Players:66 - Load list file: players-1.list
2016-05-16 09:38:11  INFO Players:72 - The players authoried in this round as follow:
2016-05-16 09:38:11  INFO Players:80 - lllyyymmm
2016-05-16 09:38:11  INFO Players:80 - lllwwwbbb
2016-05-16 09:38:11  INFO Players:84 - Total players: 2
2016-05-16 09:38:11  INFO ClientConnectMonitor:60 - Creat server socket success!
2016-05-16 09:38:11  INFO ClientConnectMonitor:62 - Server address is: 172.26.4.173:10086
2016-05-16 09:38:11  INFO ClientConnectMonitor:64 - ClientConnectMonitor initialization complete!
2016-05-16 09:38:11  INFO ClientConnectMonitor:74 - Start monitor...
2016-05-16 09:38:11  INFO ClientConnectMonitor:82 - Waitting clients to access...
2016-05-16 09:38:13  INFO ClientConnectMonitor:100 - Accepted one accession: 172.26.4.173:12127
2016-05-16 09:38:13  INFO ClientConnectMonitor:82 - Waitting clients to access...
2016-05-16 09:38:13  INFO RobotAIFactory:15 - Produce one Robot I
2016-05-16 09:38:49  INFO ClientConnectMonitor:100 - Accepted one accession: 172.26.4.173:12136
2016-05-16 09:38:49  INFO ClientConnectMonitor:82 - Waitting clients to access...
2016-05-16 09:38:49  INFO RobotAIFactory:15 - Produce one Robot I
2016-05-16 09:40:02  INFO ClientConnectMonitor:100 - Accepted one accession: 172.26.4.173:12140
2016-05-16 09:40:02  INFO ClientConnectMonitor:82 - Waitting clients to access...
2016-05-16 09:40:02  INFO RobotAIFactory:15 - Produce one Robot I
2016-05-16 09:40:35  INFO ClientConnectMonitor:100 - Accepted one accession: 172.26.4.173:12142
2016-05-16 09:40:35  INFO ClientConnectMonitor:82 - Waitting clients to access...
2016-05-16 09:40:35  INFO RobotAIFactory:15 - Produce one Robot I
2016-05-16 09:42:13  INFO ClientConnectMonitor:100 - Accepted one accession: 172.26.4.173:12147
2016-05-16 09:42:13  INFO ClientConnectMonitor:82 - Waitting clients to access...
2016-05-16 09:42:13  INFO RobotAIFactory:15 - Produce one Robot I
2016-05-16 09:43:15  INFO ClientConnectMonitor:100 - Accepted one accession: 172.26.4.173:12148
2016-05-16 09:43:15  INFO ClientConnectMonitor:82 - Waitting clients to access...
2016-05-16 09:43:15  INFO RobotAIFactory:15 - Produce one Robot I
2016-05-16 09:44:33  INFO ClientConnectMonitor:100 - Accepted one accession: 172.26.4.173:12152
2016-05-16 09:44:33  INFO ClientConnectMonitor:82 - Waitting clients to access...
2016-05-16 09:44:33  INFO RobotAIFactory:15 - Produce one Robot I
2016-05-16 09:44:54  INFO ClientConnectMonitor:100 - Accepted one accession: 172.26.4.173:12153
2016-05-16 09:44:54  INFO ClientConnectMonitor:82 - Waitting clients to access...
2016-05-16 09:44:54  INFO RobotAIFactory:15 - Produce one Robot I
2016-05-16 09:45:35  INFO ClientConnectMonitor:100 - Accepted one accession: 172.26.4.173:12158
2016-05-16 09:45:35  INFO ClientConnectMonitor:82 - Waitting clients to access...
2016-05-16 09:45:35  INFO RobotAIFactory:15 - Produce one Robot I
2016-05-16 09:47:48  INFO ClientConnectMonitor:100 - Accepted one accession: 172.26.4.173:12162
2016-05-16 09:47:48  INFO ClientConnectMonitor:82 - Waitting clients to access...
2016-05-16 09:47:48  INFO RobotAIFactory:15 - Produce one Robot I
2016-05-16 09:49:17  INFO ClientConnectMonitor:100 - Accepted one accession: 172.26.4.173:12169
2016-05-16 09:49:17  INFO ClientConnectMonitor:82 - Waitting clients to access...
2016-05-16 09:49:17  INFO RobotAIFactory:15 - Produce one Robot I
2016-05-16 09:49:51  INFO ClientConnectMonitor:100 - Accepted one accession: 172.26.4.173:12182
2016-05-16 09:49:51  INFO ClientConnectMonitor:82 - Waitting clients to access...
2016-05-16 09:49:51  INFO RobotAIFactory:15 - Produce one Robot I
2016-05-16 09:50:17  INFO ClientConnectMonitor:100 - Accepted one accession: 172.26.4.173:12185
2016-05-16 09:50:17  INFO ClientConnectMonitor:82 - Waitting clients to access...
2016-05-16 09:50:17  INFO RobotAIFactory:15 - Produce one Robot I
2016-05-16 13:23:31  INFO ServerProperties:40 - Read server.properties complete! The properties as follows: 
2016-05-16 13:23:31  INFO ServerProperties:42 - ui.result.list.width=33
2016-05-16 13:23:31  INFO ServerProperties:42 - ui.width=620
2016-05-16 13:23:31  INFO ServerProperties:42 - filter.out=0
2016-05-16 13:23:31  INFO ServerProperties:42 - step.error.number=3
2016-05-16 13:23:31  INFO ServerProperties:42 - server.port=10086
2016-05-16 13:23:31  INFO ServerProperties:42 - chess.board.cols=4
2016-05-16 13:23:31  INFO ServerProperties:42 - robot.model=1
2016-05-16 13:23:31  INFO ServerProperties:42 - ui.height=710
2016-05-16 13:23:31  INFO ServerProperties:42 - round.steps=50
2016-05-16 13:23:31  INFO ServerProperties:42 - server.mode=1
2016-05-16 13:23:31  INFO ServerProperties:42 - contest.rounds=3
2016-05-16 13:23:31  INFO ServerProperties:42 - chess.board.rows=4
2016-05-16 13:23:31  INFO ServerProperties:42 - step.timeout=10000
2016-05-16 13:23:31  INFO Main:27 - Startup the main ui
2016-05-16 13:23:31  INFO Players:66 - Load list file: players-1.list
2016-05-16 13:23:31  INFO Players:72 - The players authoried in this round as follow:
2016-05-16 13:23:31  INFO Players:80 - lllyyymmm
2016-05-16 13:23:31  INFO Players:80 - lllwwwbbb
2016-05-16 13:23:31  INFO Players:84 - Total players: 2
2016-05-16 13:23:31  INFO ClientConnectMonitor:60 - Creat server socket success!
2016-05-16 13:23:31  INFO ClientConnectMonitor:62 - Server address is: 172.26.4.173:10086
2016-05-16 13:23:31  INFO ClientConnectMonitor:64 - ClientConnectMonitor initialization complete!
2016-05-16 13:23:31  INFO ClientConnectMonitor:74 - Start monitor...
2016-05-16 13:23:31  INFO ClientConnectMonitor:82 - Waitting clients to access...
2016-05-16 13:23:57  INFO ClientConnectMonitor:100 - Accepted one accession: 172.26.4.173:13847
2016-05-16 13:23:57  INFO ClientConnectMonitor:82 - Waitting clients to access...
2016-05-16 13:23:57  INFO RobotAIFactory:15 - Produce one Robot I
2016-05-16 16:50:01  INFO ServerProperties:40 - Read server.properties complete! The properties as follows: 
2016-05-16 16:50:01  INFO ServerProperties:42 - ui.result.list.width=33
2016-05-16 16:50:01  INFO ServerProperties:42 - ui.width=620
2016-05-16 16:50:01  INFO ServerProperties:42 - filter.out=0
2016-05-16 16:50:01  INFO ServerProperties:42 - step.error.number=3
2016-05-16 16:50:01  INFO ServerProperties:42 - server.port=10086
2016-05-16 16:50:01  INFO ServerProperties:42 - chess.board.cols=4
2016-05-16 16:50:01  INFO ServerProperties:42 - robot.model=1
2016-05-16 16:50:01  INFO ServerProperties:42 - ui.height=710
2016-05-16 16:50:01  INFO ServerProperties:42 - round.steps=50
2016-05-16 16:50:01  INFO ServerProperties:42 - server.mode=1
2016-05-16 16:50:01  INFO ServerProperties:42 - contest.rounds=3
2016-05-16 16:50:01  INFO ServerProperties:42 - chess.board.rows=4
2016-05-16 16:50:01  INFO ServerProperties:42 - step.timeout=10000
2016-05-16 16:50:01  INFO Main:27 - Startup the main ui
2016-05-16 16:50:02  INFO Players:66 - Load list file: players-1.list
2016-05-16 16:50:02  INFO Players:72 - The players authoried in this round as follow:
2016-05-16 16:50:02  INFO Players:80 - lllyyymmm
2016-05-16 16:50:02  INFO Players:80 - lllwwwbbb
2016-05-16 16:50:02  INFO Players:84 - Total players: 2
2016-05-16 16:50:02 ERROR ClientConnectMonitor:50 - java.net.BindException: Address already in use: JVM_Bind
2016-05-16 16:50:09  INFO ClientConnectMonitor:100 - Accepted one accession: 172.26.4.173:1128
2016-05-16 16:50:09  INFO ClientConnectMonitor:82 - Waitting clients to access...
2016-05-16 16:50:09  INFO RobotAIFactory:15 - Produce one Robot I
2016-05-16 16:50:20  INFO ClientConnectMonitor:100 - Accepted one accession: 172.26.4.173:1135
2016-05-16 16:50:20  INFO ClientConnectMonitor:82 - Waitting clients to access...
2016-05-16 16:50:20  INFO RobotAIFactory:15 - Produce one Robot I
2016-05-16 17:45:50  INFO ClientConnectMonitor:100 - Accepted one accession: 172.26.4.173:2509
2016-05-16 17:45:50  INFO ClientConnectMonitor:82 - Waitting clients to access...
